<?xml version="1.0" encoding="UTF-8"?>
<!-- Generated by org.testng.reporters.JUnitReportReporter -->
<testsuite skipped="0" hostname="all-PC" name="Cart" tests="1" failures="0" timestamp="21 Aug 2018 06:01:26 GMT" time="68.210" errors="0">
  <testcase name="Login" time="68.210" classname="Cart"/>
</testsuite> <!-- Cart -->
